{"total": {"lines":{"total":2155,"covered":1751,"skipped":0,"pct":81.25},"statements":{"total":2155,"covered":1751,"skipped":0,"pct":81.25},"functions":{"total":103,"covered":76,"skipped":0,"pct":73.78},"branches":{"total":348,"covered":315,"skipped":0,"pct":90.51},"branchesTrue":{"total":0,"covered":0,"skipped":0,"pct":100}}
,"D:\\Nathalia\\UNIVALLE\\SEMESTRE6\\DESARROLLO\\rightOnTime-Frontend\\src\\App.tsx": {"lines":{"total":15,"covered":15,"skipped":0,"pct":100},"functions":{"total":1,"covered":1,"skipped":0,"pct":100},"statements":{"total":15,"covered":15,"skipped":0,"pct":100},"branches":{"total":1,"covered":1,"skipped":0,"pct":100}}
,"D:\\Nathalia\\UNIVALLE\\SEMESTRE6\\DESARROLLO\\rightOnTime-Frontend\\src\\__tests__\\App.test.tsx": {"lines":{"total":29,"covered":29,"skipped":0,"pct":100},"functions":{"total":0,"covered":0,"skipped":0,"pct":100},"statements":{"total":29,"covered":29,"skipped":0,"pct":100},"branches":{"total":5,"covered":5,"skipped":0,"pct":100}}
,"D:\\Nathalia\\UNIVALLE\\SEMESTRE6\\DESARROLLO\\rightOnTime-Frontend\\src\\__tests__\\AppContext.test.tsx": {"lines":{"total":488,"covered":488,"skipped":0,"pct":100},"functions":{"total":30,"covered":30,"skipped":0,"pct":100},"statements":{"total":488,"covered":488,"skipped":0,"pct":100},"branches":{"total":128,"covered":128,"skipped":0,"pct":100}}
,"D:\\Nathalia\\UNIVALLE\\SEMESTRE6\\DESARROLLO\\rightOnTime-Frontend\\src\\components\\forms\\Field.tsx": {"lines":{"total":7,"covered":7,"skipped":0,"pct":100},"functions":{"total":1,"covered":1,"skipped":0,"pct":100},"statements":{"total":7,"covered":7,"skipped":0,"pct":100},"branches":{"total":3,"covered":3,"skipped":0,"pct":100}}
,"D:\\Nathalia\\UNIVALLE\\SEMESTRE6\\DESARROLLO\\rightOnTime-Frontend\\src\\components\\layout\\AppLayout.tsx": {"lines":{"total":11,"covered":11,"skipped":0,"pct":100},"functions":{"total":1,"covered":1,"skipped":0,"pct":100},"statements":{"total":11,"covered":11,"skipped":0,"pct":100},"branches":{"total":1,"covered":1,"skipped":0,"pct":100}}
,"D:\\Nathalia\\UNIVALLE\\SEMESTRE6\\DESARROLLO\\rightOnTime-Frontend\\src\\components\\shared\\MetricCard.tsx": {"lines":{"total":10,"covered":10,"skipped":0,"pct":100},"functions":{"total":1,"covered":1,"skipped":0,"pct":100},"statements":{"total":10,"covered":10,"skipped":0,"pct":100},"branches":{"total":3,"covered":3,"skipped":0,"pct":100}}
,"D:\\Nathalia\\UNIVALLE\\SEMESTRE6\\DESARROLLO\\rightOnTime-Frontend\\src\\components\\shared\\SummaryRow.tsx": {"lines":{"total":6,"covered":0,"skipped":0,"pct":0},"functions":{"total":1,"covered":0,"skipped":0,"pct":0},"statements":{"total":6,"covered":0,"skipped":0,"pct":0},"branches":{"total":1,"covered":0,"skipped":0,"pct":0}}
,"D:\\Nathalia\\UNIVALLE\\SEMESTRE6\\DESARROLLO\\rightOnTime-Frontend\\src\\context\\AppContext.tsx": {"lines":{"total":132,"covered":132,"skipped":0,"pct":100},"functions":{"total":2,"covered":2,"skipped":0,"pct":100},"statements":{"total":132,"covered":132,"skipped":0,"pct":100},"branches":{"total":37,"covered":37,"skipped":0,"pct":100}}
,"D:\\Nathalia\\UNIVALLE\\SEMESTRE6\\DESARROLLO\\rightOnTime-Frontend\\src\\data\\seed.ts": {"lines":{"total":9,"covered":9,"skipped":0,"pct":100},"functions":{"total":0,"covered":0,"skipped":0,"pct":100},"statements":{"total":9,"covered":9,"skipped":0,"pct":100},"branches":{"total":0,"covered":0,"skipped":0,"pct":100}}
,"D:\\Nathalia\\UNIVALLE\\SEMESTRE6\\DESARROLLO\\rightOnTime-Frontend\\src\\helpers\\attendance.ts": {"lines":{"total":106,"covered":33,"skipped":0,"pct":31.13},"functions":{"total":15,"covered":5,"skipped":0,"pct":33.33},"statements":{"total":106,"covered":33,"skipped":0,"pct":31.13},"branches":{"total":10,"covered":6,"skipped":0,"pct":60}}
,"D:\\Nathalia\\UNIVALLE\\SEMESTRE6\\DESARROLLO\\rightOnTime-Frontend\\src\\pages\\Dashboard\\DashboardPage.tsx": {"lines":{"total":397,"covered":155,"skipped":0,"pct":39.04},"functions":{"total":10,"covered":2,"skipped":0,"pct":20},"statements":{"total":397,"covered":155,"skipped":0,"pct":39.04},"branches":{"total":23,"covered":12,"skipped":0,"pct":52.17}}
,"D:\\Nathalia\\UNIVALLE\\SEMESTRE6\\DESARROLLO\\rightOnTime-Frontend\\src\\pages\\Dashboard\\__tests__\\DashboardPage.test.tsx": {"lines":{"total":39,"covered":39,"skipped":0,"pct":100},"functions":{"total":1,"covered":1,"skipped":0,"pct":100},"statements":{"total":39,"covered":39,"skipped":0,"pct":100},"branches":{"total":10,"covered":10,"skipped":0,"pct":100}}
,"D:\\Nathalia\\UNIVALLE\\SEMESTRE6\\DESARROLLO\\rightOnTime-Frontend\\src\\pages\\Login\\AdminLoginPage.tsx": {"lines":{"total":83,"covered":83,"skipped":0,"pct":100},"functions":{"total":5,"covered":4,"skipped":0,"pct":80},"statements":{"total":83,"covered":83,"skipped":0,"pct":100},"branches":{"total":10,"covered":9,"skipped":0,"pct":90}}
,"D:\\Nathalia\\UNIVALLE\\SEMESTRE6\\DESARROLLO\\rightOnTime-Frontend\\src\\pages\\Login\\LoginPage.tsx": {"lines":{"total":139,"covered":76,"skipped":0,"pct":54.67},"functions":{"total":7,"covered":4,"skipped":0,"pct":57.14},"statements":{"total":139,"covered":76,"skipped":0,"pct":54.67},"branches":{"total":13,"covered":5,"skipped":0,"pct":38.46}}
,"D:\\Nathalia\\UNIVALLE\\SEMESTRE6\\DESARROLLO\\rightOnTime-Frontend\\src\\pages\\Login\\__tests__\\AdminLoginPage.test.tsx": {"lines":{"total":81,"covered":81,"skipped":0,"pct":100},"functions":{"total":1,"covered":1,"skipped":0,"pct":100},"statements":{"total":81,"covered":81,"skipped":0,"pct":100},"branches":{"total":14,"covered":14,"skipped":0,"pct":100}}
,"D:\\Nathalia\\UNIVALLE\\SEMESTRE6\\DESARROLLO\\rightOnTime-Frontend\\src\\pages\\Login\\__tests__\\LoginPage.test.tsx": {"lines":{"total":29,"covered":29,"skipped":0,"pct":100},"functions":{"total":1,"covered":1,"skipped":0,"pct":100},"statements":{"total":29,"covered":29,"skipped":0,"pct":100},"branches":{"total":5,"covered":5,"skipped":0,"pct":100}}
,"D:\\Nathalia\\UNIVALLE\\SEMESTRE6\\DESARROLLO\\rightOnTime-Frontend\\src\\pages\\Register\\RegisterPage.tsx": {"lines":{"total":96,"covered":89,"skipped":0,"pct":92.7},"functions":{"total":4,"covered":1,"skipped":0,"pct":25},"statements":{"total":96,"covered":89,"skipped":0,"pct":92.7},"branches":{"total":1,"covered":1,"skipped":0,"pct":100}}
,"D:\\Nathalia\\UNIVALLE\\SEMESTRE6\\DESARROLLO\\rightOnTime-Frontend\\src\\pages\\Register\\__tests__\\RegisterPage.test.tsx": {"lines":{"total":30,"covered":30,"skipped":0,"pct":100},"functions":{"total":1,"covered":1,"skipped":0,"pct":100},"statements":{"total":30,"covered":30,"skipped":0,"pct":100},"branches":{"total":6,"covered":6,"skipped":0,"pct":100}}
,"D:\\Nathalia\\UNIVALLE\\SEMESTRE6\\DESARROLLO\\rightOnTime-Frontend\\src\\routes\\AppRoutes.tsx": {"lines":{"total":24,"covered":24,"skipped":0,"pct":100},"functions":{"total":1,"covered":1,"skipped":0,"pct":100},"statements":{"total":24,"covered":24,"skipped":0,"pct":100},"branches":{"total":1,"covered":1,"skipped":0,"pct":100}}
,"D:\\Nathalia\\UNIVALLE\\SEMESTRE6\\DESARROLLO\\rightOnTime-Frontend\\src\\routes\\HomeRedirect.tsx": {"lines":{"total":11,"covered":9,"skipped":0,"pct":81.81},"functions":{"total":1,"covered":1,"skipped":0,"pct":100},"statements":{"total":11,"covered":9,"skipped":0,"pct":81.81},"branches":{"total":2,"covered":1,"skipped":0,"pct":50}}
,"D:\\Nathalia\\UNIVALLE\\SEMESTRE6\\DESARROLLO\\rightOnTime-Frontend\\src\\routes\\guards\\AdminRoute.tsx": {"lines":{"total":9,"covered":4,"skipped":0,"pct":44.44},"functions":{"total":1,"covered":0,"skipped":0,"pct":0},"statements":{"total":9,"covered":4,"skipped":0,"pct":44.44},"branches":{"total":0,"covered":0,"skipped":0,"pct":100}}
,"D:\\Nathalia\\UNIVALLE\\SEMESTRE6\\DESARROLLO\\rightOnTime-Frontend\\src\\routes\\guards\\PublicOnlyRoute.tsx": {"lines":{"total":11,"covered":9,"skipped":0,"pct":81.81},"functions":{"total":1,"covered":1,"skipped":0,"pct":100},"statements":{"total":11,"covered":9,"skipped":0,"pct":81.81},"branches":{"total":2,"covered":1,"skipped":0,"pct":50}}
,"D:\\Nathalia\\UNIVALLE\\SEMESTRE6\\DESARROLLO\\rightOnTime-Frontend\\src\\services\\attendance.ts": {"lines":{"total":61,"covered":58,"skipped":0,"pct":95.08},"functions":{"total":3,"covered":3,"skipped":0,"pct":100},"statements":{"total":61,"covered":58,"skipped":0,"pct":95.08},"branches":{"total":11,"covered":8,"skipped":0,"pct":72.72}}
,"D:\\Nathalia\\UNIVALLE\\SEMESTRE6\\DESARROLLO\\rightOnTime-Frontend\\src\\services\\auth.ts": {"lines":{"total":39,"covered":39,"skipped":0,"pct":100},"functions":{"total":5,"covered":5,"skipped":0,"pct":100},"statements":{"total":39,"covered":39,"skipped":0,"pct":100},"branches":{"total":9,"covered":8,"skipped":0,"pct":88.88}}
,"D:\\Nathalia\\UNIVALLE\\SEMESTRE6\\DESARROLLO\\rightOnTime-Frontend\\src\\services\\employees.ts": {"lines":{"total":28,"covered":27,"skipped":0,"pct":96.42},"functions":{"total":1,"covered":1,"skipped":0,"pct":100},"statements":{"total":28,"covered":27,"skipped":0,"pct":96.42},"branches":{"total":8,"covered":6,"skipped":0,"pct":75}}
,"D:\\Nathalia\\UNIVALLE\\SEMESTRE6\\DESARROLLO\\rightOnTime-Frontend\\src\\services\\__tests__\\attendance.test.ts": {"lines":{"total":103,"covered":103,"skipped":0,"pct":100},"functions":{"total":3,"covered":3,"skipped":0,"pct":100},"statements":{"total":103,"covered":103,"skipped":0,"pct":100},"branches":{"total":15,"covered":15,"skipped":0,"pct":100}}
,"D:\\Nathalia\\UNIVALLE\\SEMESTRE6\\DESARROLLO\\rightOnTime-Frontend\\src\\services\\__tests__\\auth.test.ts": {"lines":{"total":75,"covered":75,"skipped":0,"pct":100},"functions":{"total":2,"covered":2,"skipped":0,"pct":100},"statements":{"total":75,"covered":75,"skipped":0,"pct":100},"branches":{"total":19,"covered":19,"skipped":0,"pct":100}}
,"D:\\Nathalia\\UNIVALLE\\SEMESTRE6\\DESARROLLO\\rightOnTime-Frontend\\src\\services\\__tests__\\employees.test.ts": {"lines":{"total":87,"covered":87,"skipped":0,"pct":100},"functions":{"total":2,"covered":2,"skipped":0,"pct":100},"statements":{"total":87,"covered":87,"skipped":0,"pct":100},"branches":{"total":9,"covered":9,"skipped":0,"pct":100}}
,"D:\\Nathalia\\UNIVALLE\\SEMESTRE6\\DESARROLLO\\rightOnTime-Frontend\\src\\types\\app.ts": {"lines":{"total":0,"covered":0,"skipped":0,"pct":100},"functions":{"total":1,"covered":1,"skipped":0,"pct":100},"statements":{"total":0,"covered":0,"skipped":0,"pct":100},"branches":{"total":1,"covered":1,"skipped":0,"pct":100}}
}
