TN:
SF:src\App.tsx
FN:7,App
FNF:1
FNH:1
FNDA:4,App
DA:1,1
DA:3,1
DA:4,1
DA:5,1
DA:7,1
DA:8,4
DA:9,4
DA:10,4
DA:11,4
DA:12,4
DA:13,4
DA:14,4
DA:15,4
DA:17,4
DA:19,1
LF:15
LH:15
BRDA:7,0,0,4
BRF:1
BRH:1
end_of_record
TN:
SF:src\__tests__\App.test.tsx
FNF:0
FNH:0
DA:1,1
DA:2,1
DA:3,1
DA:5,1
DA:6,4
DA:7,4
DA:9,1
DA:10,1
DA:11,1
DA:13,1
DA:14,1
DA:15,1
DA:16,1
DA:18,1
DA:19,1
DA:21,1
DA:23,1
DA:24,1
DA:26,1
DA:27,1
DA:29,1
DA:30,1
DA:31,1
DA:32,1
DA:33,1
DA:34,1
DA:35,1
DA:36,1
DA:37,1
DA:39,1
DA:41,1
DA:42,1
DA:44,1
DA:45,1
DA:47,1
DA:48,1
DA:49,1
DA:50,1
DA:51,1
DA:52,1
DA:54,1
DA:56,1
DA:57,1
DA:58,1
DA:59,1
LF:45
LH:45
BRDA:5,0,0,4
BRDA:9,1,0,1
BRDA:10,2,0,1
BRDA:18,3,0,1
BRDA:26,4,0,1
BRDA:44,5,0,1
BRF:6
BRH:6
end_of_record
TN:
SF:src\components\forms\Field.tsx
FN:11,Field
FNF:1
FNH:1
FNDA:32,Field
DA:1,1
DA:11,1
DA:12,32
DA:13,32
DA:14,32
DA:15,32
DA:16,32
LF:7
LH:7
BRDA:11,0,0,32
BRDA:12,1,0,31
BRDA:15,2,0,1
BRF:3
BRH:3
end_of_record
TN:
SF:src\components\layout\AppLayout.tsx
FN:3,AppLayout
FNF:1
FNH:1
FNDA:4,AppLayout
DA:1,1
DA:3,1
DA:4,4
DA:5,4
DA:6,4
DA:7,4
DA:8,4
DA:9,4
DA:10,4
DA:12,4
DA:14,1
LF:11
LH:11
BRDA:3,0,0,4
BRF:1
BRH:1
end_of_record
TN:
SF:src\components\shared\MetricCard.tsx
FN:8,MetricCard
FNF:1
FNH:1
FNDA:4,MetricCard
DA:1,1
DA:8,1
DA:9,4
DA:10,4
DA:11,4
DA:12,4
DA:14,4
DA:15,4
DA:16,4
DA:17,4
LF:10
LH:10
BRDA:8,0,0,4
BRDA:11,1,0,1
BRDA:11,2,0,3
BRF:3
BRH:3
end_of_record
TN:
SF:src\components\shared\SummaryRow.tsx
FN:6,SummaryRow
FNF:1
FNH:1
FNDA:4,SummaryRow
DA:1,1
DA:6,1
DA:7,4
DA:8,4
DA:9,4
DA:10,4
LF:6
LH:6
BRDA:6,0,0,4
BRF:1
BRH:1
end_of_record
TN:
SF:src\context\AppContext.tsx
FN:42,AppProvider
FN:187,useAppContext
FNF:2
FNH:2
FNDA:6,AppProvider
FNDA:22,useAppContext
DA:1,1
DA:40,1
DA:42,1
DA:43,6
DA:44,6
DA:45,6
DA:46,6
DA:48,6
DA:49,2
DA:50,2
DA:52,2
DA:53,1
DA:54,1
DA:55,1
DA:57,1
DA:59,1
DA:60,1
DA:61,1
DA:62,1
DA:63,1
DA:64,1
DA:65,1
DA:66,1
DA:67,1
DA:68,1
DA:69,1
DA:71,1
DA:72,1
DA:73,1
DA:74,1
DA:76,1
DA:77,6
DA:79,6
DA:80,0
DA:81,0
DA:82,0
DA:84,0
DA:85,0
DA:86,0
DA:87,0
DA:88,0
DA:89,0
DA:90,0
DA:91,0
DA:92,0
DA:94,0
DA:95,6
DA:97,6
DA:98,0
DA:99,6
DA:101,6
DA:102,0
DA:103,0
DA:104,0
DA:105,0
DA:107,0
DA:108,0
DA:110,0
DA:111,0
DA:112,0
DA:113,0
DA:114,0
DA:115,0
DA:116,0
DA:117,0
DA:118,0
DA:120,0
DA:121,0
DA:122,0
DA:123,0
DA:124,0
DA:125,0
DA:126,0
DA:127,0
DA:128,0
DA:129,0
DA:130,0
DA:131,6
DA:133,6
DA:134,0
DA:135,0
DA:136,0
DA:137,0
DA:139,0
DA:140,0
DA:142,0
DA:143,0
DA:144,0
DA:145,0
DA:146,0
DA:147,0
DA:148,0
DA:149,0
DA:150,0
DA:152,0
DA:153,0
DA:154,0
DA:155,0
DA:156,0
DA:157,0
DA:158,0
DA:159,0
DA:160,0
DA:161,0
DA:162,0
DA:163,6
DA:165,6
DA:166,0
DA:167,6
DA:169,6
DA:170,6
DA:171,6
DA:172,6
DA:173,6
DA:174,6
DA:175,6
DA:176,6
DA:177,6
DA:178,6
DA:179,6
DA:180,6
DA:181,6
DA:182,6
DA:184,6
DA:185,6
DA:187,1
DA:188,22
DA:189,22
DA:190,0
DA:191,0
DA:192,22
DA:193,22
LF:132
LH:63
BRDA:42,0,0,6
BRDA:48,1,0,2
BRDA:52,2,0,1
BRDA:65,3,0,1
BRDA:170,4,0,6
BRDA:187,5,0,22
BRDA:189,6,0,0
BRF:7
BRH:6
end_of_record
TN:
SF:src\data\seed.ts
FNF:0
FNH:0
DA:3,1
DA:4,1
DA:5,1
DA:6,1
DA:7,1
DA:8,1
DA:9,1
DA:10,1
DA:11,1
LF:9
LH:9
BRF:0
BRH:0
end_of_record
TN:
SF:src\helpers\attendance.ts
FN:3,normalizeEmail
FN:5,formatTime
FN:16,formatDate
FN:25,calculateWorkedMinutes
FN:38,formatDuration
FN:48,buildRecordId
FN:52,minutesFromIso
FN:61,averageMinutes
FN:71,formatAverageMinutes
FN:81,formatAverageHours
FN:89,computeDashboardStats
FN:105,toTitleCase
FN:117,buildEmployeeIdFromEmail
FN:124,deriveNameFromEmail
FN:130,homeRouteForRole
FNF:15
FNH:14
FNDA:2,normalizeEmail
FNDA:4,formatTime
FNDA:1,formatDate
FNDA:2,calculateWorkedMinutes
FNDA:2,formatDuration
FNDA:0,buildRecordId
FNDA:2,minutesFromIso
FNDA:3,averageMinutes
FNDA:2,formatAverageMinutes
FNDA:1,formatAverageHours
FNDA:1,computeDashboardStats
FNDA:1,toTitleCase
FNDA:1,buildEmployeeIdFromEmail
FNDA:1,deriveNameFromEmail
FNDA:2,homeRouteForRole
DA:3,1
DA:5,1
DA:6,4
DA:7,2
DA:8,2
DA:10,2
DA:11,2
DA:12,2
DA:13,2
DA:14,2
DA:16,1
DA:17,1
DA:18,1
DA:19,1
DA:20,1
DA:21,1
DA:22,1
DA:23,1
DA:25,1
DA:26,2
DA:27,0
DA:28,0
DA:30,2
DA:31,2
DA:32,0
DA:33,0
DA:35,2
DA:36,2
DA:38,1
DA:39,2
DA:40,1
DA:41,1
DA:43,1
DA:44,1
DA:45,1
DA:46,1
DA:48,1
DA:49,0
DA:50,0
DA:52,1
DA:53,2
DA:54,0
DA:55,0
DA:57,2
DA:58,2
DA:59,2
DA:61,1
DA:62,3
DA:63,3
DA:64,0
DA:65,0
DA:67,3
DA:68,3
DA:69,3
DA:71,1
DA:72,2
DA:73,0
DA:74,0
DA:76,2
DA:77,2
DA:78,2
DA:79,2
DA:81,1
DA:82,1
DA:83,0
DA:84,0
DA:86,1
DA:87,1
DA:89,1
DA:90,1
DA:91,1
DA:92,1
DA:93,1
DA:94,1
DA:95,1
DA:97,1
DA:98,1
DA:99,1
DA:100,1
DA:101,1
DA:102,1
DA:103,1
DA:105,1
DA:106,1
DA:107,0
DA:108,0
DA:110,1
DA:111,1
DA:112,1
DA:113,1
DA:114,1
DA:115,1
DA:117,1
DA:118,1
DA:119,1
DA:120,1
DA:121,1
DA:122,1
DA:124,1
DA:125,1
DA:126,1
DA:127,1
DA:128,1
DA:130,1
DA:131,2
DA:132,2
LF:106
LH:90
BRDA:3,0,0,2
BRDA:5,1,0,4
BRDA:6,2,0,2
BRDA:16,3,0,1
BRDA:25,4,0,2
BRDA:26,5,0,0
BRDA:31,6,0,0
BRDA:38,7,0,2
BRDA:39,8,0,1
BRDA:52,9,0,2
BRDA:53,10,0,0
BRDA:61,11,0,3
BRDA:63,12,0,0
BRDA:62,13,0,3
BRDA:67,14,0,3
BRDA:71,15,0,2
BRDA:72,16,0,0
BRDA:81,17,0,1
BRDA:82,18,0,0
BRDA:89,19,0,1
BRDA:90,20,0,1
BRDA:91,21,0,1
BRDA:93,22,0,1
BRDA:95,23,0,1
BRDA:105,24,0,1
BRDA:106,25,0,0
BRDA:113,26,0,1
BRDA:117,27,0,1
BRDA:118,28,0,0
BRDA:124,29,0,1
BRDA:125,30,0,0
BRDA:127,31,0,0
BRDA:130,32,0,2
BRDA:131,33,0,1
BRDA:131,34,0,1
BRF:35
BRH:25
end_of_record
TN:
SF:src\pages\Attendance\AttendancePage.tsx
FN:13,AttendancePage
FN:37,handleCheckIn
FN:43,handleCheckOut
FN:53,handleReset
FN:57,handleLogout
FNF:5
FNH:1
FNDA:1,AttendancePage
FNDA:0,handleCheckIn
FNDA:0,handleCheckOut
FNDA:0,handleReset
FNDA:0,handleLogout
DA:1,1
DA:2,1
DA:4,1
DA:5,1
DA:11,1
DA:13,1
DA:14,1
DA:15,1
DA:16,1
DA:17,1
DA:19,1
DA:20,1
DA:21,0
DA:22,0
DA:24,1
DA:25,1
DA:26,1
DA:27,1
DA:28,1
DA:30,1
DA:31,0
DA:32,0
DA:34,1
DA:35,1
DA:37,1
DA:38,0
DA:39,0
DA:40,0
DA:41,0
DA:43,1
DA:44,0
DA:45,0
DA:46,0
DA:48,0
DA:49,0
DA:50,0
DA:51,0
DA:53,1
DA:54,0
DA:55,0
DA:57,1
DA:58,0
DA:59,0
DA:60,0
DA:62,1
DA:63,1
DA:64,1
DA:65,1
DA:66,1
DA:67,1
DA:68,1
DA:70,1
DA:71,1
DA:72,1
DA:74,1
DA:75,1
DA:77,1
DA:78,1
DA:79,1
DA:80,1
DA:81,1
DA:82,1
DA:83,1
DA:84,1
DA:85,1
DA:87,1
DA:89,1
DA:90,0
DA:91,0
DA:92,0
DA:95,1
DA:96,1
DA:98,1
DA:99,1
DA:100,1
DA:101,1
DA:102,1
DA:103,1
DA:104,1
DA:106,1
DA:107,1
DA:109,1
DA:110,1
DA:111,1
DA:113,1
DA:114,1
DA:115,1
DA:116,1
DA:117,1
DA:118,1
DA:119,1
DA:120,1
DA:121,1
DA:122,1
DA:123,1
DA:124,1
DA:125,1
DA:126,1
DA:127,1
DA:129,1
DA:130,1
DA:131,1
DA:132,1
DA:133,1
DA:134,1
DA:135,1
DA:137,1
DA:138,1
DA:140,0
DA:141,0
DA:142,0
DA:143,0
DA:144,0
DA:145,0
DA:146,0
DA:147,0
DA:148,0
DA:149,0
DA:150,0
DA:151,0
DA:152,0
DA:153,0
DA:154,0
DA:155,0
DA:156,0
DA:157,0
DA:158,0
DA:159,0
DA:160,0
DA:161,0
DA:162,0
DA:163,0
DA:165,1
DA:166,1
DA:168,1
DA:170,1
LF:136
LH:89
BRDA:13,0,0,1
BRDA:30,1,0,0
BRDA:89,2,0,0
BRDA:116,3,0,0
BRDA:117,4,0,0
BRDA:121,5,0,0
BRDA:138,6,0,0
BRDA:19,7,0,1
BRDA:20,8,0,0
BRDA:25,9,0,1
BRF:10
BRH:3
end_of_record
TN:
SF:src\pages\Dashboard\DashboardPage.tsx
FN:14,DashboardPage
FN:40,handleLogout
FN:81,onChange
FNF:3
FNH:1
FNDA:1,DashboardPage
FNDA:0,handleLogout
FNDA:0,onChange
DA:1,1
DA:2,1
DA:4,1
DA:5,1
DA:12,1
DA:14,1
DA:15,1
DA:16,1
DA:17,1
DA:19,1
DA:20,1
DA:21,1
DA:22,1
DA:23,1
DA:24,1
DA:25,1
DA:26,1
DA:27,1
DA:29,1
DA:30,1
DA:31,1
DA:32,1
DA:33,0
DA:35,1
DA:36,1
DA:38,1
DA:40,1
DA:41,0
DA:42,0
DA:43,0
DA:45,1
DA:46,1
DA:47,1
DA:48,1
DA:49,1
DA:50,1
DA:51,1
DA:53,1
DA:54,1
DA:55,1
DA:57,1
DA:58,1
DA:60,1
DA:61,1
DA:62,1
DA:63,1
DA:64,1
DA:65,1
DA:67,1
DA:68,1
DA:69,1
DA:70,1
DA:71,1
DA:72,1
DA:73,1
DA:74,1
DA:76,1
DA:77,1
DA:78,1
DA:79,1
DA:80,1
DA:81,1
DA:83,1
DA:84,1
DA:85,1
DA:86,1
DA:87,1
DA:88,1
DA:89,1
DA:90,1
DA:91,1
DA:93,1
DA:94,0
DA:96,1
DA:97,1
DA:98,1
DA:99,1
DA:100,1
DA:101,1
DA:102,1
DA:103,1
DA:104,1
DA:105,1
DA:106,1
DA:107,1
DA:108,1
DA:109,1
DA:110,1
DA:111,1
DA:112,1
DA:113,1
DA:114,1
DA:115,1
DA:116,1
DA:117,1
DA:118,1
DA:119,1
DA:120,1
DA:121,1
DA:122,1
DA:123,1
DA:124,1
DA:126,1
DA:127,1
DA:129,1
DA:131,1
LF:106
LH:101
BRDA:14,0,0,1
BRDA:93,1,0,0
BRDA:19,2,0,1
BRDA:21,3,0,1
BRDA:29,4,0,1
BRDA:32,5,0,0
BRDA:38,6,0,1
BRDA:84,7,0,1
BRDA:108,8,0,1
BRF:9
BRH:7
end_of_record
TN:
SF:src\pages\Login\LoginPage.tsx
FN:10,LoginPage
FN:19,handleChange
FN:24,handleSubmit
FN:82,onClick
FNF:4
FNH:4
FNDA:9,LoginPage
FNDA:5,handleChange
FNDA:2,handleSubmit
FNDA:1,onClick
DA:1,1
DA:2,1
DA:5,1
DA:6,1
DA:7,1
DA:10,1
DA:11,9
DA:12,9
DA:13,9
DA:14,9
DA:15,9
DA:16,9
DA:17,9
DA:19,9
DA:20,5
DA:21,5
DA:22,5
DA:24,9
DA:25,2
DA:26,2
DA:27,2
DA:28,2
DA:30,9
DA:31,9
DA:32,9
DA:33,9
DA:35,9
DA:37,9
DA:38,0
DA:39,0
DA:40,0
DA:43,9
DA:44,9
DA:45,9
DA:46,9
DA:47,9
DA:48,9
DA:49,9
DA:50,9
DA:51,9
DA:52,9
DA:53,9
DA:54,9
DA:55,9
DA:56,9
DA:57,9
DA:58,9
DA:59,9
DA:60,9
DA:61,9
DA:62,9
DA:63,9
DA:64,9
DA:65,9
DA:66,9
DA:67,9
DA:68,9
DA:69,9
DA:70,9
DA:71,9
DA:73,9
DA:75,9
DA:76,9
DA:78,9
DA:79,9
DA:80,9
DA:81,9
DA:82,9
DA:83,9
DA:84,9
DA:86,9
DA:87,9
DA:88,9
DA:90,9
DA:92,1
LF:75
LH:72
BRDA:10,0,0,9
BRDA:37,1,0,0
BRDA:19,2,0,5
BRDA:21,3,0,5
BRDA:24,4,0,2
BRDA:82,5,0,1
BRF:6
BRH:5
end_of_record
TN:
SF:src\pages\Register\RegisterPage.tsx
FN:9,RegisterPage
FN:20,handleChange
FN:25,handleSubmit
FN:104,onClick
FNF:4
FNH:1
FNDA:1,RegisterPage
FNDA:0,handleChange
FNDA:0,handleSubmit
FNDA:0,onClick
DA:1,1
DA:2,1
DA:5,1
DA:6,1
DA:9,1
DA:10,1
DA:11,1
DA:12,1
DA:13,1
DA:14,1
DA:15,1
DA:16,1
DA:17,1
DA:18,1
DA:20,1
DA:21,0
DA:22,0
DA:23,0
DA:25,1
DA:26,0
DA:27,0
DA:28,0
DA:29,0
DA:31,1
DA:32,1
DA:33,1
DA:34,1
DA:36,1
DA:38,1
DA:39,1
DA:40,1
DA:41,1
DA:42,1
DA:43,1
DA:44,1
DA:45,1
DA:46,1
DA:47,1
DA:48,1
DA:49,1
DA:50,1
DA:51,1
DA:52,1
DA:53,1
DA:54,1
DA:55,1
DA:56,1
DA:57,1
DA:58,1
DA:59,1
DA:60,1
DA:61,1
DA:62,1
DA:63,1
DA:64,1
DA:65,1
DA:66,1
DA:67,1
DA:68,1
DA:69,1
DA:70,1
DA:71,1
DA:72,1
DA:73,1
DA:74,1
DA:75,1
DA:76,1
DA:77,1
DA:78,1
DA:79,1
DA:80,1
DA:81,1
DA:82,1
DA:84,1
DA:85,1
DA:86,1
DA:87,1
DA:88,1
DA:89,1
DA:90,1
DA:91,1
DA:92,1
DA:95,1
DA:97,1
DA:98,1
DA:100,1
DA:102,1
DA:103,1
DA:104,1
DA:105,1
DA:106,1
DA:108,1
DA:109,1
DA:110,1
DA:112,1
DA:114,1
LF:96
LH:89
BRDA:9,0,0,1
BRF:1
BRH:1
end_of_record
TN:
SF:src\routes\AppRoutes.tsx
FN:12,AppRoutes
FNF:1
FNH:1
FNDA:4,AppRoutes
DA:1,1
DA:3,1
DA:4,1
DA:5,1
DA:6,1
DA:7,1
DA:8,1
DA:9,1
DA:10,1
DA:12,1
DA:13,4
DA:14,4
DA:15,4
DA:16,4
DA:17,4
DA:18,4
DA:19,4
DA:20,4
DA:21,4
DA:22,4
DA:23,4
DA:24,4
DA:25,4
DA:26,4
DA:27,4
DA:29,4
DA:31,1
LF:27
LH:27
BRDA:12,0,0,4
BRF:1
BRH:1
end_of_record
TN:
SF:src\routes\HomeRedirect.tsx
FN:6,HomeRedirect
FNF:1
FNH:1
FNDA:4,HomeRedirect
DA:1,1
DA:3,1
DA:4,1
DA:6,1
DA:7,4
DA:9,4
DA:10,4
DA:11,4
DA:13,0
DA:14,0
DA:16,1
LF:11
LH:9
BRDA:6,0,0,4
BRDA:11,1,0,0
BRF:2
BRH:1
end_of_record
TN:
SF:src\routes\guards\AdminRoute.tsx
FN:5,AdminRoute
FNF:1
FNH:1
FNDA:1,AdminRoute
DA:1,1
DA:3,1
DA:5,1
DA:6,1
DA:8,1
DA:9,1
DA:10,1
DA:12,0
DA:13,0
DA:15,1
LF:10
LH:8
BRDA:5,0,0,1
BRDA:10,1,0,0
BRF:2
BRH:1
end_of_record
TN:
SF:src\routes\guards\EmployeeRoute.tsx
FN:5,EmployeeRoute
FNF:1
FNH:1
FNDA:1,EmployeeRoute
DA:1,1
DA:3,1
DA:5,1
DA:6,1
DA:8,1
DA:9,1
DA:10,1
DA:12,0
DA:13,0
DA:15,1
LF:10
LH:8
BRDA:5,0,0,1
BRDA:10,1,0,0
BRF:2
BRH:1
end_of_record
TN:
SF:src\routes\guards\PublicOnlyRoute.tsx
FN:6,PublicOnlyRoute
FNF:1
FNH:1
FNDA:4,PublicOnlyRoute
DA:1,1
DA:3,1
DA:4,1
DA:6,1
DA:7,4
DA:9,4
DA:10,4
DA:11,4
DA:13,0
DA:14,0
DA:16,1
LF:11
LH:9
BRDA:6,0,0,4
BRDA:11,1,0,0
BRF:2
BRH:1
end_of_record
TN:
SF:src\types\app.ts
FN:1,(empty-report)
FNF:1
FNH:1
FNDA:1,(empty-report)
LF:0
LH:0
BRDA:1,0,0,1
BRF:1
BRH:1
end_of_record
